<?xml version="1.0" encoding="UTF-8"?>
<testsuite name="games.game2048.TestGame2048" tests="1" skipped="0" failures="0" errors="0" timestamp="2020-08-06T02:29:30" hostname="DESKTOP-DTJ39SR" time="0.015">
  <properties/>
  <testcase name="testMoves" classname="games.game2048.TestGame2048" time="0.015"/>
  <system-out><![CDATA[]]></system-out>
  <system-err><![CDATA[]]></system-err>
</testsuite>
